=== Stato_robot - Started: 2025-10-29 13:56:21.785037 ===

+- Connessione al robot riuscita! -+
+- Connessione al robot eseguita! -+
+- Coordinate salvate: [142.0, 19.5, 314.8, 180.0, 0.0, -180.0] -+
+- Abilitazione completata :) -+
+- Velocità settata -+
+- Connessione al robot riuscita! -+
+- Connessione al robot eseguita! -+
+- Coordinate salvate: [142.0, 19.5, 314.8, 180.0, 0.0, -180.0] -+
+- Abilitazione completata :) -+
+- Velocità settata -+
+- Connessione al robot riuscita! -+
+- Connessione al robot eseguita! -+
+- Coordinate salvate: [142.0, 19.5, 314.8, 180.0, 0.0, -180.0] -+
+- Abilitazione completata :) -+
+- Velocità settata -+
+- Connessione al robot riuscita! -+
+- Connessione al robot eseguita! -+
+- Coordinate salvate: [142.0, 19.5, 314.8, 180.0, 0.0, -180.0] -+
+- Abilitazione completata :) -+
+- Velocità settata -+
+- Connessione al robot riuscita! -+
+- Connessione al robot eseguita! -+
+- Coordinate salvate: [142.0, 19.5, 314.8, 180.0, 0.0, -180.0] -+
+- Abilitazione completata :) -+
+- Velocità settata -+
+- Connessione al robot riuscita! -+
+- Connessione al robot eseguita! -+
+- Coordinate salvate: [142.0, 19.5, 314.8, 180.0, 0.0, -180.0] -+
+- Abilitazione completata :) -+
+- Velocità settata -+
+- Connessione al robot riuscita! -+
+- Connessione al robot eseguita! -+
+- Coordinate salvate: [142.0, 19.5, 314.8, 180.0, 0.0, -180.0] -+
+- Abilitazione completata :) -+
+- Velocità settata -+
+- Connessione al robot riuscita! -+
+- Connessione al robot eseguita! -+
+- Coordinate salvate: [142.0, 19.5, 314.8, 180.0, 0.0, -180.0] -+
+- Abilitazione completata :) -+
+- Velocità settata -+
+- Connessione al robot riuscita! -+
+- Connessione al robot eseguita! -+
+- Coordinate salvate: [142.0, 19.5, 314.8, 180.0, 0.0, -180.0] -+
+- Abilitazione completata :) -+
+- Velocità settata -+
+- Connessione al robot riuscita! -+
+- Connessione al robot eseguita! -+
+- Coordinate salvate: [142.0, 19.5, 314.8, 180.0, 0.0, -180.0] -+
+- Abilitazione completata :) -+
+- Velocità settata -+
+- Connessione al robot riuscita! -+
+- Connessione al robot eseguita! -+
+- Coordinate salvate: [142.0, 19.5, 314.8, 180.0, 0.0, -180.0] -+
+- Abilitazione completata :) -+
+- Velocità settata -+
+- Connessione al robot riuscita! -+
+- Connessione al robot eseguita! -+
+- Coordinate salvate: [142.0, 19.5, 314.8, 180.0, 0.0, -180.0] -+
+- Abilitazione completata :) -+
+- Velocità settata -+
+- Connessione al robot riuscita! -+
+- Connessione al robot eseguita! -+
+- Coordinate salvate: [142.0, 19.5, 314.8, 180.0, 0.0, -180.0] -+
+- Abilitazione completata :) -+
+- Connessione al robot riuscita! -+
+- Connessione al robot eseguita! -+
+- Coordinate salvate: [142.0, 19.5, 314.8, 180.0, 0.0, -180.0] -+
+- Abilitazione completata :) -+
+- Velocità settata -+
+- Connessione al robot riuscita! -+
+- Connessione al robot eseguita! -+
+- Coordinate salvate: [142.0, 19.5, 314.8, 180.0, 0.0, -180.0] -+
+- Abilitazione completata :) -+
+- Velocità settata -+
+- Connessione al robot riuscita! -+
+- Connessione al robot eseguita! -+
+- Coordinate salvate: [142.0, 19.5, 314.8, 180.0, 0.0, -180.0] -+
+- Abilitazione completata :) -+
+- Velocità settata -+
+- Connessione al robot riuscita! -+
+- Connessione al robot eseguita! -+
+- Coordinate salvate: [142.0, 19.5, 314.8, 180.0, 0.0, -180.0] -+
+- Abilitazione completata :) -+
+- Velocità settata -+
+- Connessione al robot riuscita! -+
+- Connessione al robot eseguita! -+
+- Coordinate salvate: [142.0, 19.5, 314.8, 180.0, 0.0, -180.0] -+
+- Abilitazione completata :) -+
+- Velocità settata -+
