=== Feedback - Started: 2025-10-29 13:56:21.785037 ===

+- 13:56:37 Socket timeout at point 1 occurred while receiving data, sleeping
 -+
+- 13:56:38 Socket timeout occurred while receiving data in third branch, try n: 0
 -+
+- 13:56:39 Socket timeout occurred while receiving data in third branch, try n: 0
 -+
+- 13:56:40 Socket timeout occurred while receiving data in third branch, try n: 0
 -+
+- 13:56:41 Socket timeout occurred while receiving data in third branch, try n: 0
 -+
+- 13:56:42 Socket timeout occurred while receiving data in third branch, try n: 0
 -+
+- 13:56:43 Socket timeout occurred while receiving data in third branch, try n: 0
 -+
+- 13:56:44 Socket timeout occurred while receiving data in third branch, try n: 0
 -+
+- 13:56:45 Socket timeout occurred while receiving data in third branch, try n: 0
 -+
+- 13:56:46 Socket timeout occurred while receiving data in third branch, try n: 0
 -+
+- 13:56:47 Socket timeout occurred while receiving data in third branch, try n: 0
 -+
+- 13:56:48 Socket timeout occurred while receiving data in third branch, try n: 0
 -+
+- 13:56:49 Socket timeout occurred while receiving data in third branch, try n: 0
 -+
+- 13:56:50 Socket timeout occurred while receiving data in third branch, try n: 0
 -+
+- 13:56:51 Socket timeout occurred while receiving data in third branch, try n: 0
 -+
+- 13:56:52 Socket timeout occurred while receiving data in third branch, try n: 0
 -+
+- 13:56:53 Socket timeout occurred while receiving data in third branch, try n: 0
 -+
+- 13:56:54 Socket timeout occurred while receiving data in third branch, try n: 0
 -+
+- 13:56:55 Socket timeout occurred while receiving data in third branch, try n: 0
 -+
+- 13:56:56 Socket timeout occurred while receiving data in third branch, try n: 0
 -+
+- 13:56:57 Socket timeout occurred while receiving data in third branch, try n: 0
 -+
+- 13:56:58 Socket timeout occurred while receiving data in third branch, try n: 0
 -+
+- 13:56:59 Socket timeout occurred while receiving data in third branch, try n: 0
 -+
+- 13:57:01 Socket timeout occurred while receiving data in third branch, try n: 0
 -+
+- 13:57:02 Socket timeout occurred while receiving data in third branch, try n: 0
 -+
+- 13:57:03 Socket timeout occurred while receiving data in third branch, try n: 0
 -+
+- 13:57:04 Socket timeout occurred while receiving data in third branch, try n: 0
 -+
+- 13:57:05 Socket timeout occurred while receiving data in third branch, try n: 0
 -+
+- 13:57:06 Socket timeout occurred while receiving data in third branch, try n: 0
 -+
+- 13:57:07 Socket timeout occurred while receiving data in third branch, try n: 0
 -+
+- 13:57:08 Socket timeout occurred while receiving data in third branch, try n: 0
 -+
+- 13:57:09 Socket timeout occurred while receiving data in third branch, try n: 0
 -+
+- 13:57:10 Socket timeout occurred while receiving data in third branch, try n: 0
 -+
+- 13:57:11 Socket timeout occurred while receiving data in third branch, try n: 0
 -+
+- 13:57:12 Socket timeout occurred while receiving data in third branch, try n: 0
 -+
+- 13:57:13 Socket timeout occurred while receiving data in third branch, try n: 0
 -+
+- 13:57:14 Socket timeout occurred while receiving data in third branch, try n: 0
 -+
+- 13:57:15 Socket timeout occurred while receiving data in third branch, try n: 0
 -+
+- 13:57:16 Socket timeout occurred while receiving data in third branch, try n: 0
 -+
+- 13:57:17 Socket timeout occurred while receiving data in third branch, try n: 0
 -+
+- 13:57:18 Socket timeout occurred while receiving data in third branch, try n: 0
 -+
+- 13:57:19 Socket timeout occurred while receiving data in third branch, try n: 0
 -+
+- 13:57:20 Socket timeout occurred while receiving data in third branch, try n: 0
 -+
+- 13:57:21 Socket timeout occurred while receiving data in third branch, try n: 0
 -+
+- 13:57:22 Socket timeout occurred while receiving data in third branch, try n: 0
 -+
+- 13:57:23 Socket timeout occurred while receiving data in third branch, try n: 0
 -+
+- 13:57:24 Socket timeout occurred while receiving data in third branch, try n: 0
 -+
+- 13:57:25 Socket timeout occurred while receiving data in third branch, try n: 0
 -+
+- 13:57:26 Socket timeout occurred while receiving data in third branch, try n: 0
 -+
+- 13:57:27 Socket timeout occurred while receiving data in third branch, try n: 0
 -+
+- 13:57:28 Socket timeout occurred while receiving data in third branch, try n: 0
 -+
+- 13:57:29 Socket timeout occurred while receiving data in third branch, try n: 0
 -+
+- 13:57:30 Socket timeout occurred while receiving data in third branch, try n: 0
 -+
+- 13:57:31 Socket timeout occurred while receiving data in third branch, try n: 0
 -+
+- 13:57:32 Socket timeout occurred while receiving data in third branch, try n: 0
 -+
+- 13:57:33 Socket timeout occurred while receiving data in third branch, try n: 0
 -+
+- 13:57:34 Socket timeout occurred while receiving data in third branch, try n: 0
 -+
+- 13:57:35 Socket timeout occurred while receiving data in third branch, try n: 0
 -+
+- 13:57:36 Socket timeout occurred while receiving data in third branch, try n: 0
 -+
+- 13:57:37 Socket timeout occurred while receiving data in third branch, try n: 0
 -+
+- 13:57:38 Socket timeout occurred while receiving data in third branch, try n: 0
 -+
+- 13:57:39 Socket timeout occurred while receiving data in third branch, try n: 0
 -+
+- 13:57:40 Socket timeout occurred while receiving data in third branch, try n: 0
 -+
+- 13:57:41 Socket timeout occurred while receiving data in third branch, try n: 0
 -+
+- 13:57:42 Socket timeout occurred while receiving data in third branch, try n: 0
 -+
+- 13:57:43 Socket timeout occurred while receiving data in third branch, try n: 0
 -+
+- 13:57:44 Socket timeout occurred while receiving data in third branch, try n: 0
 -+
+- 13:57:45 Socket timeout occurred while receiving data in third branch, try n: 0
 -+
+- 13:57:46 Socket timeout occurred while receiving data in third branch, try n: 0
 -+
+- 13:57:47 Socket timeout occurred while receiving data in third branch, try n: 0
 -+
+- 13:57:48 Socket timeout occurred while receiving data in third branch, try n: 0
 -+
+- 13:57:49 Socket timeout occurred while receiving data in third branch, try n: 0
 -+
+- 13:57:50 Socket timeout occurred while receiving data in third branch, try n: 0
 -+
+- 13:57:51 Socket timeout occurred while receiving data in third branch, try n: 0
 -+
+- 13:57:52 Socket timeout occurred while receiving data in third branch, try n: 0
 -+
+- 13:57:53 Socket timeout occurred while receiving data in third branch, try n: 0
 -+
+- 13:57:54 Socket timeout occurred while receiving data in third branch, try n: 0
 -+
+- 13:57:55 Socket timeout occurred while receiving data in third branch, try n: 0
 -+
+- 13:57:56 Socket timeout occurred while receiving data in third branch, try n: 0
 -+
+- 13:57:57 Socket timeout occurred while receiving data in third branch, try n: 0
 -+
+- 13:57:58 Socket timeout occurred while receiving data in third branch, try n: 0
 -+
+- 13:57:59 Socket timeout occurred while receiving data in third branch, try n: 0
 -+
+- 13:58:00 Socket timeout occurred while receiving data in third branch, try n: 0
 -+
+- 13:58:01 Socket timeout occurred while receiving data in third branch, try n: 0
 -+
+- 13:58:02 Socket timeout occurred while receiving data in third branch, try n: 0
 -+
+- 13:58:03 Socket timeout occurred while receiving data in third branch, try n: 0
 -+
+- 13:58:04 Socket timeout occurred while receiving data in third branch, try n: 0
 -+
+- 13:58:05 Socket timeout occurred while receiving data in third branch, try n: 0
 -+
+- 13:58:06 Socket timeout occurred while receiving data in third branch, try n: 0
 -+
+- 13:58:07 Socket timeout occurred while receiving data in third branch, try n: 0
 -+
+- 13:58:08 Socket timeout occurred while receiving data in third branch, try n: 0
 -+
+- 13:58:09 Socket timeout occurred while receiving data in third branch, try n: 0
 -+
+- 13:58:10 Socket timeout occurred while receiving data in third branch, try n: 0
 -+
+- 13:58:11 Socket timeout occurred while receiving data in third branch, try n: 0
 -+
+- 13:58:12 Socket timeout occurred while receiving data in third branch, try n: 0
 -+
+- 13:58:13 Socket timeout occurred while receiving data in third branch, try n: 0
 -+
+- 13:58:14 Socket timeout occurred while receiving data in third branch, try n: 0
 -+
+- 13:58:15 Socket timeout occurred while receiving data in third branch, try n: 0
 -+
+- 13:58:16 Socket timeout occurred while receiving data in third branch, try n: 0
 -+
+- 13:58:17 Socket timeout occurred while receiving data in third branch, try n: 0
 -+
+- 13:58:18 Socket timeout occurred while receiving data in third branch, try n: 0
 -+
+- 13:58:19 Socket timeout occurred while receiving data in third branch, try n: 0
 -+
+- 13:58:20 Socket timeout occurred while receiving data in third branch, try n: 0
 -+
+- 13:58:21 Socket timeout occurred while receiving data in third branch, try n: 0
 -+
+- 13:58:22 Socket timeout occurred while receiving data in third branch, try n: 0
 -+
+- 13:58:23 Socket timeout occurred while receiving data in third branch, try n: 0
 -+
+- 13:58:24 Socket timeout occurred while receiving data in third branch, try n: 0
 -+
+- 13:58:25 Socket timeout occurred while receiving data in third branch, try n: 0
 -+
+- 13:58:26 Socket timeout occurred while receiving data in third branch, try n: 0
 -+
+- 13:58:27 Socket timeout occurred while receiving data in third branch, try n: 0
 -+
+- 13:58:28 Socket timeout occurred while receiving data in third branch, try n: 0
 -+
+- 13:58:29 Socket timeout occurred while receiving data in third branch, try n: 0
 -+
+- 13:58:30 Socket timeout occurred while receiving data in third branch, try n: 0
 -+
+- 13:58:31 Socket timeout occurred while receiving data in third branch, try n: 0
 -+
+- 13:58:32 Socket timeout occurred while receiving data in third branch, try n: 0
 -+
+- 13:58:33 Socket timeout occurred while receiving data in third branch, try n: 0
 -+
+- 13:58:34 Socket timeout occurred while receiving data in third branch, try n: 0
 -+
+- 13:58:35 Socket timeout occurred while receiving data in third branch, try n: 0
 -+
+- 13:58:36 Socket timeout occurred while receiving data in third branch, try n: 0
 -+
+- 13:58:37 Socket timeout occurred while receiving data in third branch, try n: 0
 -+
+- 13:58:38 Socket timeout occurred while receiving data in third branch, try n: 0
 -+
+- 13:58:39 Socket timeout occurred while receiving data in third branch, try n: 0
 -+
+- 13:58:40 Socket timeout occurred while receiving data in third branch, try n: 0
 -+
+- 13:58:41 Socket timeout occurred while receiving data in third branch, try n: 0
 -+
+- 13:58:42 Socket timeout occurred while receiving data in third branch, try n: 0
 -+
+- 13:58:43 Socket timeout occurred while receiving data in third branch, try n: 0
 -+
+- 13:58:44 Socket timeout occurred while receiving data in third branch, try n: 0
 -+
+- 13:58:45 Socket timeout occurred while receiving data in third branch, try n: 0
 -+
+- 13:58:46 Socket timeout occurred while receiving data in third branch, try n: 0
 -+
+- 13:58:47 Socket timeout occurred while receiving data in third branch, try n: 0
 -+
+- 13:58:48 Socket timeout occurred while receiving data in third branch, try n: 0
 -+
+- 13:58:49 Socket timeout occurred while receiving data in third branch, try n: 0
 -+
+- 13:58:50 Socket timeout occurred while receiving data in third branch, try n: 0
 -+
+- 13:58:51 Socket timeout occurred while receiving data in third branch, try n: 0
 -+
+- 13:58:52 Socket timeout occurred while receiving data in third branch, try n: 0
 -+
+- 13:58:53 Socket timeout occurred while receiving data in third branch, try n: 0
 -+
+- 13:58:54 Socket timeout occurred while receiving data in third branch, try n: 0
 -+
+- 13:58:55 Socket timeout occurred while receiving data in third branch, try n: 0
 -+
+- 13:58:56 Socket timeout occurred while receiving data in third branch, try n: 0
 -+
+- 13:58:57 Socket timeout occurred while receiving data in third branch, try n: 0
 -+
+- 13:58:58 Socket timeout occurred while receiving data in third branch, try n: 0
 -+
+- 13:58:59 Socket timeout occurred while receiving data in third branch, try n: 0
 -+
+- 13:59:00 Socket timeout occurred while receiving data in third branch, try n: 0
 -+
+- 13:59:01 Socket timeout occurred while receiving data in third branch, try n: 0
 -+
+- 13:59:02 Socket timeout occurred while receiving data in third branch, try n: 0
 -+
+- 13:59:03 Socket timeout occurred while receiving data in third branch, try n: 0
 -+
+- 13:59:04 Socket timeout occurred while receiving data in third branch, try n: 0
 -+
+- 13:59:05 Socket timeout occurred while receiving data in third branch, try n: 0
 -+
+- 13:59:06 Socket timeout occurred while receiving data in third branch, try n: 0
 -+
+- 13:59:07 Socket timeout occurred while receiving data in third branch, try n: 0
 -+
+- 13:59:08 Socket timeout occurred while receiving data in third branch, try n: 0
 -+
+- 13:59:09 Socket timeout occurred while receiving data in third branch, try n: 0
 -+
+- 13:59:10 Socket timeout occurred while receiving data in third branch, try n: 0
 -+
+- 13:59:11 Socket timeout occurred while receiving data in third branch, try n: 0
 -+
+- 13:59:12 Socket timeout occurred while receiving data in third branch, try n: 0
 -+
+- 13:59:13 Socket timeout occurred while receiving data in third branch, try n: 0
 -+
+- 13:59:14 Socket timeout occurred while receiving data in third branch, try n: 0
 -+
+- 13:59:15 Socket timeout occurred while receiving data in third branch, try n: 0
 -+
+- 13:59:16 Socket timeout occurred while receiving data in third branch, try n: 0
 -+
+- 13:59:17 Socket timeout occurred while receiving data in third branch, try n: 0
 -+
+- 13:59:18 Socket timeout occurred while receiving data in third branch, try n: 0
 -+
+- 13:59:19 Socket timeout occurred while receiving data in third branch, try n: 0
 -+
+- 13:59:20 Socket timeout occurred while receiving data in third branch, try n: 0
 -+
+- 13:59:21 Socket timeout occurred while receiving data in third branch, try n: 0
 -+
+- 13:59:22 Socket timeout occurred while receiving data in third branch, try n: 0
 -+
+- 13:59:23 Socket timeout occurred while receiving data in third branch, try n: 0
 -+
+- 13:59:24 Socket timeout occurred while receiving data in third branch, try n: 0
 -+
+- 13:59:25 Socket timeout occurred while receiving data in third branch, try n: 0
 -+
+- 13:59:26 Socket timeout occurred while receiving data in third branch, try n: 0
 -+
+- 13:59:27 Socket timeout occurred while receiving data in third branch, try n: 0
 -+
+- 13:59:28 Socket timeout occurred while receiving data in third branch, try n: 0
 -+
+- 13:59:29 Socket timeout occurred while receiving data in third branch, try n: 0
 -+
+- 13:59:30 Socket timeout occurred while receiving data in third branch, try n: 0
 -+
+- 13:59:31 Socket timeout occurred while receiving data in third branch, try n: 0
 -+
+- 13:59:32 Socket timeout occurred while receiving data in third branch, try n: 0
 -+
+- 13:59:33 Socket timeout occurred while receiving data in third branch, try n: 0
 -+
+- 13:59:34 Socket timeout occurred while receiving data in third branch, try n: 0
 -+
+- 13:59:35 Socket timeout occurred while receiving data in third branch, try n: 0
 -+
+- 13:59:36 Socket timeout occurred while receiving data in third branch, try n: 0
 -+
+- 13:59:37 Socket timeout occurred while receiving data in third branch, try n: 0
 -+
+- 13:59:39 Socket timeout occurred while receiving data in third branch, try n: 0
 -+
+- 13:59:40 Socket timeout occurred while receiving data in third branch, try n: 0
 -+
+- 13:59:41 Socket timeout occurred while receiving data in third branch, try n: 0
 -+
+- 13:59:42 Socket timeout occurred while receiving data in third branch, try n: 0
 -+
+- 13:59:43 Socket timeout occurred while receiving data in third branch, try n: 0
 -+
+- 13:59:44 Socket timeout occurred while receiving data in third branch, try n: 0
 -+
+- 13:59:45 Socket timeout occurred while receiving data in third branch, try n: 0
 -+
+- 13:59:46 Socket timeout occurred while receiving data in third branch, try n: 0
 -+
+- 13:59:47 Socket timeout occurred while receiving data in third branch, try n: 0
 -+
+- 13:59:48 Socket timeout occurred while receiving data in third branch, try n: 0
 -+
+- 13:59:49 Socket timeout occurred while receiving data in third branch, try n: 0
 -+
+- 13:59:50 Socket timeout occurred while receiving data in third branch, try n: 0
 -+
+- 13:59:51 Socket timeout occurred while receiving data in third branch, try n: 0
 -+
+- 13:59:52 Socket timeout occurred while receiving data in third branch, try n: 0
 -+
+- 13:59:53 Socket timeout occurred while receiving data in third branch, try n: 0
 -+
+- 13:59:54 Socket timeout occurred while receiving data in third branch, try n: 0
 -+
+- 13:59:55 Socket timeout occurred while receiving data in third branch, try n: 0
 -+
+- 13:59:56 Socket timeout occurred while receiving data in third branch, try n: 0
 -+
+- 13:59:57 Socket timeout occurred while receiving data in third branch, try n: 0
 -+
+- 13:59:58 Socket timeout occurred while receiving data in third branch, try n: 0
 -+
+- 13:59:59 Socket timeout occurred while receiving data in third branch, try n: 0
 -+
+- 14:00:00 Socket timeout occurred while receiving data in third branch, try n: 0
 -+
+- 14:00:01 Socket timeout occurred while receiving data in third branch, try n: 0
 -+
+- 14:00:02 Socket timeout occurred while receiving data in third branch, try n: 0
 -+
+- 14:00:03 Socket timeout occurred while receiving data in third branch, try n: 0
 -+
+- 14:00:04 Socket timeout occurred while receiving data in third branch, try n: 0
 -+
+- 14:00:05 Socket timeout occurred while receiving data in third branch, try n: 0
 -+
+- 14:00:06 Socket timeout occurred while receiving data in third branch, try n: 0
 -+
+- 14:00:07 Socket timeout occurred while receiving data in third branch, try n: 0
 -+
+- 14:00:08 Socket timeout occurred while receiving data in third branch, try n: 0
 -+
+- 14:00:09 Socket timeout occurred while receiving data in third branch, try n: 0
 -+
+- 14:00:10 Socket timeout occurred while receiving data in third branch, try n: 0
 -+
+- 14:00:11 Socket timeout occurred while receiving data in third branch, try n: 0
 -+
+- 14:00:12 Socket timeout occurred while receiving data in third branch, try n: 0
 -+
+- 14:00:13 Socket timeout occurred while receiving data in third branch, try n: 0
 -+
+- 14:00:14 Socket timeout occurred while receiving data in third branch, try n: 0
 -+
+- 14:00:15 Socket timeout occurred while receiving data in third branch, try n: 0
 -+
+- 14:00:16 Socket timeout occurred while receiving data in third branch, try n: 0
 -+
+- 14:00:17 Socket timeout occurred while receiving data in third branch, try n: 0
 -+
+- 14:00:18 Socket timeout occurred while receiving data in third branch, try n: 0
 -+
+- 14:00:19 Socket timeout occurred while receiving data in third branch, try n: 0
 -+
+- 14:00:20 Socket timeout occurred while receiving data in third branch, try n: 0
 -+
+- 14:00:21 Socket timeout occurred while receiving data in third branch, try n: 0
 -+
+- 14:00:22 Socket timeout occurred while receiving data in third branch, try n: 0
 -+
+- 14:00:23 Socket timeout occurred while receiving data in third branch, try n: 0
 -+
+- 14:00:24 Socket timeout occurred while receiving data in third branch, try n: 0
 -+
+- 14:00:25 Socket timeout occurred while receiving data in third branch, try n: 0
 -+
+- 14:00:26 Socket timeout occurred while receiving data in third branch, try n: 0
 -+
+- 14:00:27 Socket timeout occurred while receiving data in third branch, try n: 0
 -+
+- 14:00:28 Socket timeout occurred while receiving data in third branch, try n: 0
 -+
+- 14:00:29 Socket timeout occurred while receiving data in third branch, try n: 0
 -+
+- 14:00:30 Socket timeout occurred while receiving data in third branch, try n: 0
 -+
+- 14:00:31 Socket timeout occurred while receiving data in third branch, try n: 0
 -+
+- 14:00:32 Socket timeout occurred while receiving data in third branch, try n: 0
 -+
+- 14:00:33 Socket timeout occurred while receiving data in third branch, try n: 0
 -+
+- 14:00:34 Socket timeout occurred while receiving data in third branch, try n: 0
 -+
+- 14:00:35 Socket timeout occurred while receiving data in third branch, try n: 0
 -+
+- 14:00:36 Socket timeout occurred while receiving data in third branch, try n: 0
 -+
+- 14:00:37 Socket timeout occurred while receiving data in third branch, try n: 0
 -+
+- 14:00:38 Socket timeout occurred while receiving data in third branch, try n: 0
 -+
+- 14:00:39 Socket timeout occurred while receiving data in third branch, try n: 0
 -+
+- 14:00:40 Socket timeout occurred while receiving data in third branch, try n: 0
 -+
+- 14:00:41 Socket timeout occurred while receiving data in third branch, try n: 0
 -+
+- 14:00:42 Socket timeout occurred while receiving data in third branch, try n: 0
 -+
+- 14:00:43 Socket timeout occurred while receiving data in third branch, try n: 0
 -+
+- 14:00:44 Socket timeout occurred while receiving data in third branch, try n: 0
 -+
+- 14:00:45 Socket timeout occurred while receiving data in third branch, try n: 0
 -+
+- 14:00:46 Socket timeout occurred while receiving data in third branch, try n: 0
 -+
+- 14:00:47 Socket timeout occurred while receiving data in third branch, try n: 0
 -+
+- 14:00:48 Socket timeout occurred while receiving data in third branch, try n: 0
 -+
+- 14:00:49 Socket timeout occurred while receiving data in third branch, try n: 0
 -+
+- 14:00:50 Socket timeout occurred while receiving data in third branch, try n: 0
 -+
+- 14:00:51 Socket timeout occurred while receiving data in third branch, try n: 0
 -+
+- 14:00:52 Socket timeout occurred while receiving data in third branch, try n: 0
 -+
+- 14:00:53 Socket timeout occurred while receiving data in third branch, try n: 0
 -+
+- 14:00:54 Socket timeout occurred while receiving data in third branch, try n: 0
 -+
+- 14:00:55 Socket timeout occurred while receiving data in third branch, try n: 0
 -+
+- 14:00:56 Socket timeout occurred while receiving data in third branch, try n: 0
 -+
+- 14:00:57 Socket timeout occurred while receiving data in third branch, try n: 0
 -+
+- 14:00:58 Socket timeout occurred while receiving data in third branch, try n: 0
 -+
+- 14:00:59 Socket timeout occurred while receiving data in third branch, try n: 0
 -+
+- 14:01:00 Socket timeout occurred while receiving data in third branch, try n: 0
 -+
+- 14:01:01 Socket timeout occurred while receiving data in third branch, try n: 0
 -+
+- 14:01:02 Socket timeout occurred while receiving data in third branch, try n: 0
 -+
+- 14:01:03 Socket timeout occurred while receiving data in third branch, try n: 0
 -+
+- 14:01:04 Socket timeout occurred while receiving data in third branch, try n: 0
 -+
+- 14:01:05 Socket timeout occurred while receiving data in third branch, try n: 0
 -+
+- 14:01:06 Socket timeout occurred while receiving data in third branch, try n: 0
 -+
+- 14:01:07 Socket timeout occurred while receiving data in third branch, try n: 0
 -+
+- 14:01:08 Socket timeout occurred while receiving data in third branch, try n: 0
 -+
+- 14:01:09 Socket timeout occurred while receiving data in third branch, try n: 0
 -+
+- 14:01:10 Socket timeout occurred while receiving data in third branch, try n: 0
 -+
+- 14:01:11 Socket timeout occurred while receiving data in third branch, try n: 0
 -+
+- 14:01:12 Socket timeout occurred while receiving data in third branch, try n: 0
 -+
+- 14:01:13 Socket timeout occurred while receiving data in third branch, try n: 0
 -+
+- 14:01:14 Socket timeout occurred while receiving data in third branch, try n: 0
 -+
+- 14:01:15 Socket timeout occurred while receiving data in third branch, try n: 0
 -+
+- 14:01:16 Socket timeout occurred while receiving data in third branch, try n: 0
 -+
+- 14:01:17 Socket timeout occurred while receiving data in third branch, try n: 0
 -+
+- 14:01:18 Socket timeout occurred while receiving data in third branch, try n: 0
 -+
+- 14:01:19 Socket timeout occurred while receiving data in third branch, try n: 0
 -+
+- 14:01:20 Socket timeout occurred while receiving data in third branch, try n: 0
 -+
+- 14:01:21 Socket timeout occurred while receiving data in third branch, try n: 0
 -+
+- 14:01:22 Socket timeout occurred while receiving data in third branch, try n: 0
 -+
+- 14:01:23 Socket timeout occurred while receiving data in third branch, try n: 0
 -+
+- 14:01:24 Socket timeout occurred while receiving data in third branch, try n: 0
 -+
+- 14:01:25 Socket timeout occurred while receiving data in third branch, try n: 0
 -+
+- 14:01:26 Socket timeout occurred while receiving data in third branch, try n: 0
 -+
+- 14:01:27 Socket timeout occurred while receiving data in third branch, try n: 0
 -+
+- 14:01:28 Socket timeout occurred while receiving data in third branch, try n: 0
 -+
+- 14:01:29 Socket timeout occurred while receiving data in third branch, try n: 0
 -+
+- 14:01:30 Socket timeout occurred while receiving data in third branch, try n: 0
 -+
+- 14:01:31 Socket timeout occurred while receiving data in third branch, try n: 0
 -+
+- 14:01:32 Socket timeout occurred while receiving data in third branch, try n: 0
 -+
+- 14:01:33 Socket timeout occurred while receiving data in third branch, try n: 0
 -+
+- 14:01:34 Socket timeout occurred while receiving data in third branch, try n: 0
 -+
+- 14:01:35 Socket timeout occurred while receiving data in third branch, try n: 0
 -+
+- 14:01:36 Socket timeout occurred while receiving data in third branch, try n: 0
 -+
+- 14:01:37 Socket timeout occurred while receiving data in third branch, try n: 0
 -+
+- 14:01:38 Socket timeout occurred while receiving data in third branch, try n: 0
 -+
+- 14:01:39 Socket timeout occurred while receiving data in third branch, try n: 0
 -+
+- 14:01:40 Socket timeout occurred while receiving data in third branch, try n: 0
 -+
+- 14:01:41 Socket timeout occurred while receiving data in third branch, try n: 0
 -+
+- 14:01:42 Socket timeout occurred while receiving data in third branch, try n: 0
 -+
+- 14:01:43 Socket timeout occurred while receiving data in third branch, try n: 0
 -+
+- 14:01:44 Socket timeout occurred while receiving data in third branch, try n: 0
 -+
+- 14:01:45 Socket timeout occurred while receiving data in third branch, try n: 0
 -+
+- 14:01:46 Socket timeout occurred while receiving data in third branch, try n: 0
 -+
+- 14:01:47 Socket timeout occurred while receiving data in third branch, try n: 0
 -+
+- 14:01:48 Socket timeout occurred while receiving data in third branch, try n: 0
 -+
+- 14:01:49 Socket timeout occurred while receiving data in third branch, try n: 0
 -+
+- 14:01:50 Socket timeout occurred while receiving data in third branch, try n: 0
 -+
+- 14:01:51 Socket timeout occurred while receiving data in third branch, try n: 0
 -+
+- 14:01:52 Socket timeout occurred while receiving data in third branch, try n: 0
 -+
+- 14:01:53 Socket timeout occurred while receiving data in third branch, try n: 0
 -+
+- 14:01:54 Socket timeout occurred while receiving data in third branch, try n: 0
 -+
+- 14:01:55 Socket timeout occurred while receiving data in third branch, try n: 0
 -+
+- 14:01:56 Socket timeout occurred while receiving data in third branch, try n: 0
 -+
+- 14:01:57 Socket timeout occurred while receiving data in third branch, try n: 0
 -+
+- 14:01:58 Socket timeout occurred while receiving data in third branch, try n: 0
 -+
+- 14:01:59 Socket timeout occurred while receiving data in third branch, try n: 0
 -+
+- 14:02:00 Socket timeout occurred while receiving data in third branch, try n: 0
 -+
+- 14:02:01 Socket timeout occurred while receiving data in third branch, try n: 0
 -+
+- 14:02:02 Socket timeout occurred while receiving data in third branch, try n: 0
 -+
+- 14:02:03 Socket timeout occurred while receiving data in third branch, try n: 0
 -+
+- 14:02:04 Socket timeout occurred while receiving data in third branch, try n: 0
 -+
+- 14:02:05 Socket timeout occurred while receiving data in third branch, try n: 0
 -+
+- 14:02:06 Socket timeout occurred while receiving data in third branch, try n: 0
 -+
+- 14:02:07 Socket timeout occurred while receiving data in third branch, try n: 0
 -+
+- 14:02:08 Socket timeout occurred while receiving data in third branch, try n: 0
 -+
+- 14:02:09 Socket timeout occurred while receiving data in third branch, try n: 0
 -+
+- 14:02:10 Socket timeout occurred while receiving data in third branch, try n: 0
 -+
+- 14:02:11 Socket timeout occurred while receiving data in third branch, try n: 0
 -+
+- 14:02:12 Socket timeout occurred while receiving data in third branch, try n: 0
 -+
+- 14:02:13 Socket timeout occurred while receiving data in third branch, try n: 0
 -+
+- 14:02:14 Socket timeout occurred while receiving data in third branch, try n: 0
 -+
+- 14:02:15 Socket timeout occurred while receiving data in third branch, try n: 0
 -+
+- 14:02:16 Socket timeout occurred while receiving data in third branch, try n: 0
 -+
+- 14:02:17 Socket timeout occurred while receiving data in third branch, try n: 0
 -+
+- 14:02:18 Socket timeout occurred while receiving data in third branch, try n: 0
 -+
+- 14:02:19 Socket timeout occurred while receiving data in third branch, try n: 0
 -+
+- 14:02:21 Socket timeout occurred while receiving data in third branch, try n: 0
 -+
+- 14:02:22 Socket timeout occurred while receiving data in third branch, try n: 0
 -+
+- 14:02:23 Socket timeout occurred while receiving data in third branch, try n: 0
 -+
+- 14:02:24 Socket timeout occurred while receiving data in third branch, try n: 0
 -+
+- 14:02:25 Socket timeout occurred while receiving data in third branch, try n: 0
 -+
+- 14:02:26 Socket timeout occurred while receiving data in third branch, try n: 0
 -+
+- 14:02:27 Socket timeout occurred while receiving data in third branch, try n: 0
 -+
+- 14:02:28 Socket timeout occurred while receiving data in third branch, try n: 0
 -+
+- 14:02:29 Socket timeout occurred while receiving data in third branch, try n: 0
 -+
+- 14:02:30 Socket timeout occurred while receiving data in third branch, try n: 0
 -+
+- 14:02:31 Socket timeout occurred while receiving data in third branch, try n: 0
 -+
+- 14:02:32 Socket timeout occurred while receiving data in third branch, try n: 0
 -+
+- 14:02:33 Socket timeout occurred while receiving data in third branch, try n: 0
 -+
+- 14:02:34 Socket timeout occurred while receiving data in third branch, try n: 0
 -+
+- 14:02:35 Socket timeout occurred while receiving data in third branch, try n: 0
 -+
+- 14:02:36 Socket timeout occurred while receiving data in third branch, try n: 0
 -+
+- 14:02:37 Socket timeout occurred while receiving data in third branch, try n: 0
 -+
+- 14:02:38 Socket timeout occurred while receiving data in third branch, try n: 0
 -+
+- 14:02:39 Socket timeout occurred while receiving data in third branch, try n: 0
 -+
+- 14:02:40 Socket timeout occurred while receiving data in third branch, try n: 0
 -+
+- 14:02:41 Socket timeout occurred while receiving data in third branch, try n: 0
 -+
+- 14:02:42 Socket timeout occurred while receiving data in third branch, try n: 0
 -+
+- 14:02:43 Socket timeout occurred while receiving data in third branch, try n: 0
 -+
+- 14:02:44 Socket timeout occurred while receiving data in third branch, try n: 0
 -+
+- 14:02:45 Socket timeout occurred while receiving data in third branch, try n: 0
 -+
+- 14:02:46 Socket timeout occurred while receiving data in third branch, try n: 0
 -+
+- 14:02:47 Socket timeout occurred while receiving data in third branch, try n: 0
 -+
+- 14:02:48 Socket timeout occurred while receiving data in third branch, try n: 0
 -+
+- 14:02:49 Socket timeout occurred while receiving data in third branch, try n: 0
 -+
+- 14:02:50 Socket timeout occurred while receiving data in third branch, try n: 0
 -+
+- 14:02:51 Socket timeout occurred while receiving data in third branch, try n: 0
 -+
+- 14:02:52 Socket timeout occurred while receiving data in third branch, try n: 0
 -+
+- 14:02:53 Socket timeout occurred while receiving data in third branch, try n: 0
 -+
+- 14:02:54 Socket timeout occurred while receiving data in third branch, try n: 0
 -+
+- 14:02:55 Socket timeout occurred while receiving data in third branch, try n: 0
 -+
+- 14:02:56 Socket timeout occurred while receiving data in third branch, try n: 0
 -+
+- 14:02:57 Socket timeout occurred while receiving data in third branch, try n: 0
 -+
+- 14:02:58 Socket timeout occurred while receiving data in third branch, try n: 0
 -+
+- 14:02:59 Socket timeout occurred while receiving data in third branch, try n: 0
 -+
+- 14:03:00 Socket timeout occurred while receiving data in third branch, try n: 0
 -+
+- 14:03:01 Socket timeout occurred while receiving data in third branch, try n: 0
 -+
+- 14:03:02 Socket timeout occurred while receiving data in third branch, try n: 0
 -+
+- 14:03:03 Socket timeout occurred while receiving data in third branch, try n: 0
 -+
+- 14:03:04 Socket timeout occurred while receiving data in third branch, try n: 0
 -+
+- 14:03:05 Socket timeout occurred while receiving data in third branch, try n: 0
 -+
+- 14:03:06 Socket timeout occurred while receiving data in third branch, try n: 0
 -+
+- 14:03:07 Socket timeout occurred while receiving data in third branch, try n: 0
 -+
+- 14:03:08 Socket timeout occurred while receiving data in third branch, try n: 0
 -+
+- 14:03:09 Socket timeout occurred while receiving data in third branch, try n: 0
 -+
+- 14:03:10 Socket timeout occurred while receiving data in third branch, try n: 0
 -+
+- 14:03:11 Socket timeout occurred while receiving data in third branch, try n: 0
 -+
+- 14:03:12 Socket timeout occurred while receiving data in third branch, try n: 0
 -+
+- 14:03:13 Socket timeout occurred while receiving data in third branch, try n: 0
 -+
+- 14:03:14 Socket timeout occurred while receiving data in third branch, try n: 0
 -+
+- 14:03:15 Socket timeout occurred while receiving data in third branch, try n: 0
 -+
+- 14:03:16 Socket timeout occurred while receiving data in third branch, try n: 0
 -+
+- 14:03:17 Socket timeout occurred while receiving data in third branch, try n: 0
 -+
+- 14:03:18 Socket timeout occurred while receiving data in third branch, try n: 0
 -+
+- 14:03:19 Socket timeout occurred while receiving data in third branch, try n: 0
 -+
+- 14:03:20 Socket timeout occurred while receiving data in third branch, try n: 0
 -+
+- 14:03:21 Socket timeout occurred while receiving data in third branch, try n: 0
 -+
+- 14:03:22 Socket timeout occurred while receiving data in third branch, try n: 0
 -+
+- 14:03:23 Socket timeout occurred while receiving data in third branch, try n: 0
 -+
+- 14:03:24 Socket timeout occurred while receiving data in third branch, try n: 0
 -+
+- 14:03:25 Socket timeout occurred while receiving data in third branch, try n: 0
 -+
+- 14:03:26 Socket timeout occurred while receiving data in third branch, try n: 0
 -+
+- 14:03:27 Socket timeout occurred while receiving data in third branch, try n: 0
 -+
+- 14:03:28 Socket timeout occurred while receiving data in third branch, try n: 0
 -+
+- 14:03:29 Socket timeout occurred while receiving data in third branch, try n: 0
 -+
+- 14:03:30 Socket timeout occurred while receiving data in third branch, try n: 0
 -+
+- 14:03:31 Socket timeout occurred while receiving data in third branch, try n: 0
 -+
+- 14:03:32 Socket timeout occurred while receiving data in third branch, try n: 0
 -+
+- 14:03:33 Socket timeout occurred while receiving data in third branch, try n: 0
 -+
+- 14:03:34 Socket timeout occurred while receiving data in third branch, try n: 0
 -+
+- 14:03:35 Socket timeout occurred while receiving data in third branch, try n: 0
 -+
+- 14:03:36 Socket timeout occurred while receiving data in third branch, try n: 0
 -+
+- 14:03:37 Socket timeout occurred while receiving data in third branch, try n: 0
 -+
+- 14:03:38 Socket timeout occurred while receiving data in third branch, try n: 0
 -+
+- 14:03:39 Socket timeout occurred while receiving data in third branch, try n: 0
 -+
+- 14:03:40 Socket timeout occurred while receiving data in third branch, try n: 0
 -+
+- 14:03:41 Socket timeout occurred while receiving data in third branch, try n: 0
 -+
+- 14:03:42 Socket timeout occurred while receiving data in third branch, try n: 0
 -+
+- 14:03:43 Socket timeout occurred while receiving data in third branch, try n: 0
 -+
+- 14:03:44 Socket timeout occurred while receiving data in third branch, try n: 0
 -+
+- 14:03:45 Socket timeout occurred while receiving data in third branch, try n: 0
 -+
+- 14:03:46 Socket timeout occurred while receiving data in third branch, try n: 0
 -+
+- 14:03:47 Socket timeout occurred while receiving data in third branch, try n: 0
 -+
+- 14:03:48 Socket timeout occurred while receiving data in third branch, try n: 0
 -+
+- 14:03:49 Socket timeout occurred while receiving data in third branch, try n: 0
 -+
+- 14:03:50 Socket timeout occurred while receiving data in third branch, try n: 0
 -+
+- 14:03:51 Socket timeout occurred while receiving data in third branch, try n: 0
 -+
+- 14:03:52 Socket timeout occurred while receiving data in third branch, try n: 0
 -+
+- 14:03:53 Socket timeout occurred while receiving data in third branch, try n: 0
 -+
+- 14:03:54 Socket timeout occurred while receiving data in third branch, try n: 0
 -+
+- 14:03:55 Socket timeout occurred while receiving data in third branch, try n: 0
 -+
+- 14:03:56 Socket timeout occurred while receiving data in third branch, try n: 0
 -+
+- 14:03:57 Socket timeout occurred while receiving data in third branch, try n: 0
 -+
+- 14:03:58 Socket timeout occurred while receiving data in third branch, try n: 0
 -+
+- 14:03:59 Socket timeout occurred while receiving data in third branch, try n: 0
 -+
+- 14:04:00 Socket timeout occurred while receiving data in third branch, try n: 0
 -+
+- 14:04:01 Socket timeout occurred while receiving data in third branch, try n: 0
 -+
+- 14:04:02 Socket timeout occurred while receiving data in third branch, try n: 0
 -+
+- 14:04:03 Socket timeout occurred while receiving data in third branch, try n: 0
 -+
+- 14:04:04 Socket timeout occurred while receiving data in third branch, try n: 0
 -+
+- 14:04:05 Socket timeout occurred while receiving data in third branch, try n: 0
 -+
+- 14:04:06 Socket timeout occurred while receiving data in third branch, try n: 0
 -+
+- 14:04:07 Socket timeout occurred while receiving data in third branch, try n: 0
 -+
+- 14:04:08 Socket timeout occurred while receiving data in third branch, try n: 0
 -+
+- 14:04:09 Socket timeout occurred while receiving data in third branch, try n: 0
 -+
+- 14:04:10 Socket timeout occurred while receiving data in third branch, try n: 0
 -+
+- 14:04:11 Socket timeout occurred while receiving data in third branch, try n: 0
 -+
+- 14:04:12 Socket timeout occurred while receiving data in third branch, try n: 0
 -+
+- 14:04:13 Socket timeout occurred while receiving data in third branch, try n: 0
 -+
+- 14:04:14 Socket timeout occurred while receiving data in third branch, try n: 0
 -+
+- 14:04:15 Socket timeout occurred while receiving data in third branch, try n: 0
 -+
+- 14:04:16 Socket timeout occurred while receiving data in third branch, try n: 0
 -+
+- 14:04:17 Socket timeout occurred while receiving data in third branch, try n: 0
 -+
+- 14:04:18 Socket timeout occurred while receiving data in third branch, try n: 0
 -+
+- 14:04:19 Socket timeout occurred while receiving data in third branch, try n: 0
 -+
+- 14:04:20 Socket timeout occurred while receiving data in third branch, try n: 0
 -+
+- 14:04:21 Socket timeout occurred while receiving data in third branch, try n: 0
 -+
+- 14:04:22 Socket timeout occurred while receiving data in third branch, try n: 0
 -+
+- 14:04:23 Socket timeout occurred while receiving data in third branch, try n: 0
 -+
+- 14:04:24 Socket timeout occurred while receiving data in third branch, try n: 0
 -+
+- 14:04:25 Socket timeout occurred while receiving data in third branch, try n: 0
 -+
+- 14:04:26 Socket timeout occurred while receiving data in third branch, try n: 0
 -+
+- 14:04:27 Socket timeout occurred while receiving data in third branch, try n: 0
 -+
+- 14:04:28 Socket timeout occurred while receiving data in third branch, try n: 0
 -+
+- 14:04:29 Socket timeout occurred while receiving data in third branch, try n: 0
 -+
+- 14:04:30 Socket timeout occurred while receiving data in third branch, try n: 0
 -+
+- 14:04:31 Socket timeout occurred while receiving data in third branch, try n: 0
 -+
+- 14:04:32 Socket timeout occurred while receiving data in third branch, try n: 0
 -+
+- 14:04:33 Socket timeout occurred while receiving data in third branch, try n: 0
 -+
+- 14:04:34 Socket timeout occurred while receiving data in third branch, try n: 0
 -+
+- 14:04:35 Socket timeout occurred while receiving data in third branch, try n: 0
 -+
+- 14:04:36 Socket timeout occurred while receiving data in third branch, try n: 0
 -+
+- 14:04:37 Socket timeout occurred while receiving data in third branch, try n: 0
 -+
+- 14:04:38 Socket timeout occurred while receiving data in third branch, try n: 0
 -+
+- 14:04:39 Socket timeout occurred while receiving data in third branch, try n: 0
 -+
+- 14:04:40 Socket timeout occurred while receiving data in third branch, try n: 0
 -+
+- 14:04:41 Socket timeout occurred while receiving data in third branch, try n: 0
 -+
+- 14:04:42 Socket timeout occurred while receiving data in third branch, try n: 0
 -+
+- 14:04:43 Socket timeout occurred while receiving data in third branch, try n: 0
 -+
+- 14:04:44 Socket timeout occurred while receiving data in third branch, try n: 0
 -+
+- 14:04:45 Socket timeout occurred while receiving data in third branch, try n: 0
 -+
+- 14:04:46 Socket timeout occurred while receiving data in third branch, try n: 0
 -+
+- 14:04:47 Socket timeout occurred while receiving data in third branch, try n: 0
 -+
+- 14:04:48 Socket timeout occurred while receiving data in third branch, try n: 0
 -+
+- 14:04:49 Socket timeout occurred while receiving data in third branch, try n: 0
 -+
+- 14:04:50 Socket timeout occurred while receiving data in third branch, try n: 0
 -+
+- 14:04:51 Socket timeout occurred while receiving data in third branch, try n: 0
 -+
+- 14:04:52 Socket timeout occurred while receiving data in third branch, try n: 0
 -+
+- 14:04:53 Socket timeout occurred while receiving data in third branch, try n: 0
 -+
+- 14:04:54 Socket timeout occurred while receiving data in third branch, try n: 0
 -+
+- 14:04:55 Socket timeout occurred while receiving data in third branch, try n: 0
 -+
+- 14:04:56 Socket timeout occurred while receiving data in third branch, try n: 0
 -+
+- 14:04:57 Socket timeout occurred while receiving data in third branch, try n: 0
 -+
+- 14:04:58 Socket timeout occurred while receiving data in third branch, try n: 0
 -+
+- 14:04:59 Socket timeout occurred while receiving data in third branch, try n: 0
 -+
+- 14:05:01 Socket timeout occurred while receiving data in third branch, try n: 0
 -+
+- 14:05:02 Socket timeout occurred while receiving data in third branch, try n: 0
 -+
+- 14:05:03 Socket timeout occurred while receiving data in third branch, try n: 0
 -+
+- 14:05:04 Socket timeout occurred while receiving data in third branch, try n: 0
 -+
+- 14:05:05 Socket timeout occurred while receiving data in third branch, try n: 0
 -+
+- 14:05:06 Socket timeout occurred while receiving data in third branch, try n: 0
 -+
+- 14:05:07 Socket timeout occurred while receiving data in third branch, try n: 0
 -+
+- 14:05:08 Socket timeout occurred while receiving data in third branch, try n: 0
 -+
+- 14:05:09 Socket timeout occurred while receiving data in third branch, try n: 0
 -+
+- 14:05:10 Socket timeout occurred while receiving data in third branch, try n: 0
 -+
+- 14:05:11 Socket timeout occurred while receiving data in third branch, try n: 0
 -+
+- 14:05:12 Socket timeout occurred while receiving data in third branch, try n: 0
 -+
+- 14:05:13 Socket timeout occurred while receiving data in third branch, try n: 0
 -+
+- 14:05:14 Socket timeout occurred while receiving data in third branch, try n: 0
 -+
+- 14:05:15 Socket timeout occurred while receiving data in third branch, try n: 0
 -+
+- 14:05:16 Socket timeout occurred while receiving data in third branch, try n: 0
 -+
+- 14:05:17 Socket timeout occurred while receiving data in third branch, try n: 0
 -+
+- 14:05:18 Socket timeout occurred while receiving data in third branch, try n: 0
 -+
+- 14:05:19 Socket timeout occurred while receiving data in third branch, try n: 0
 -+
+- 14:05:20 Socket timeout occurred while receiving data in third branch, try n: 0
 -+
+- 14:05:21 Socket timeout occurred while receiving data in third branch, try n: 0
 -+
+- 14:05:22 Socket timeout occurred while receiving data in third branch, try n: 0
 -+
+- 14:05:23 Socket timeout occurred while receiving data in third branch, try n: 0
 -+
+- 14:05:24 Socket timeout occurred while receiving data in third branch, try n: 0
 -+
+- 14:05:25 Socket timeout occurred while receiving data in third branch, try n: 0
 -+
+- 14:05:26 Socket timeout occurred while receiving data in third branch, try n: 0
 -+
+- 14:05:27 Socket timeout occurred while receiving data in third branch, try n: 0
 -+
+- 14:05:28 Socket timeout occurred while receiving data in third branch, try n: 0
 -+
+- 14:05:29 Socket timeout occurred while receiving data in third branch, try n: 0
 -+
+- 14:05:30 Socket timeout occurred while receiving data in third branch, try n: 0
 -+
+- 14:05:31 Socket timeout occurred while receiving data in third branch, try n: 0
 -+
+- 14:05:32 Socket timeout occurred while receiving data in third branch, try n: 0
 -+
+- 14:05:33 Socket timeout occurred while receiving data in third branch, try n: 0
 -+
+- 14:05:34 Socket timeout occurred while receiving data in third branch, try n: 0
 -+
+- 14:05:35 Socket timeout occurred while receiving data in third branch, try n: 0
 -+
+- 14:05:36 Socket timeout occurred while receiving data in third branch, try n: 0
 -+
+- 14:05:37 Socket timeout occurred while receiving data in third branch, try n: 0
 -+
+- 14:05:38 Socket timeout occurred while receiving data in third branch, try n: 0
 -+
+- 14:05:39 Socket timeout occurred while receiving data in third branch, try n: 0
 -+
+- 14:05:40 Socket timeout occurred while receiving data in third branch, try n: 0
 -+
+- 14:05:41 Socket timeout occurred while receiving data in third branch, try n: 0
 -+
+- 14:05:42 Socket timeout occurred while receiving data in third branch, try n: 0
 -+
+- 14:05:43 Socket timeout occurred while receiving data in third branch, try n: 0
 -+
+- 14:05:44 Socket timeout occurred while receiving data in third branch, try n: 0
 -+
+- 14:05:45 Socket timeout occurred while receiving data in third branch, try n: 0
 -+
+- 14:05:46 Socket timeout occurred while receiving data in third branch, try n: 0
 -+
+- 14:05:47 Socket timeout occurred while receiving data in third branch, try n: 0
 -+
+- 14:05:48 Socket timeout occurred while receiving data in third branch, try n: 0
 -+
+- 14:05:49 Socket timeout occurred while receiving data in third branch, try n: 0
 -+
+- 14:05:50 Socket timeout occurred while receiving data in third branch, try n: 0
 -+
+- 14:05:51 Socket timeout occurred while receiving data in third branch, try n: 0
 -+
+- 14:05:52 Socket timeout occurred while receiving data in third branch, try n: 0
 -+
+- 14:05:53 Socket timeout occurred while receiving data in third branch, try n: 0
 -+
+- 14:05:54 Socket timeout occurred while receiving data in third branch, try n: 0
 -+
+- 14:05:55 Socket timeout occurred while receiving data in third branch, try n: 0
 -+
+- 14:05:56 Socket timeout occurred while receiving data in third branch, try n: 0
 -+
+- 14:05:57 Socket timeout occurred while receiving data in third branch, try n: 0
 -+
+- 14:05:58 Socket timeout occurred while receiving data in third branch, try n: 0
 -+
+- 14:05:59 Socket timeout occurred while receiving data in third branch, try n: 0
 -+
+- 14:06:00 Socket timeout occurred while receiving data in third branch, try n: 0
 -+
+- 14:06:01 Socket timeout occurred while receiving data in third branch, try n: 0
 -+
+- 14:06:02 Socket timeout occurred while receiving data in third branch, try n: 0
 -+
+- 14:06:03 Socket timeout occurred while receiving data in third branch, try n: 0
 -+
+- 14:06:04 Socket timeout occurred while receiving data in third branch, try n: 0
 -+
+- 14:06:05 Socket timeout occurred while receiving data in third branch, try n: 0
 -+
+- 14:06:06 Socket timeout occurred while receiving data in third branch, try n: 0
 -+
+- 14:06:07 Socket timeout occurred while receiving data in third branch, try n: 0
 -+
+- 14:06:08 Socket timeout occurred while receiving data in third branch, try n: 0
 -+
+- 14:06:09 Socket timeout occurred while receiving data in third branch, try n: 0
 -+
+- 14:06:10 Socket timeout occurred while receiving data in third branch, try n: 0
 -+
+- 14:06:11 Socket timeout occurred while receiving data in third branch, try n: 0
 -+
+- 14:06:12 Socket timeout occurred while receiving data in third branch, try n: 0
 -+
+- 14:06:13 Socket timeout occurred while receiving data in third branch, try n: 0
 -+
+- 14:06:14 Socket timeout occurred while receiving data in third branch, try n: 0
 -+
+- 14:06:15 Socket timeout occurred while receiving data in third branch, try n: 0
 -+
+- 14:06:16 Socket timeout occurred while receiving data in third branch, try n: 0
 -+
+- 14:06:17 Socket timeout occurred while receiving data in third branch, try n: 0
 -+
+- 14:06:18 Socket timeout occurred while receiving data in third branch, try n: 0
 -+
+- 14:06:19 Socket timeout occurred while receiving data in third branch, try n: 0
 -+
+- 14:06:20 Socket timeout occurred while receiving data in third branch, try n: 0
 -+
+- 14:06:21 Socket timeout occurred while receiving data in third branch, try n: 0
 -+
+- 14:06:22 Socket timeout occurred while receiving data in third branch, try n: 0
 -+
+- 14:06:23 Socket timeout occurred while receiving data in third branch, try n: 0
 -+
+- 14:06:24 Socket timeout occurred while receiving data in third branch, try n: 0
 -+
+- 14:06:25 Socket timeout occurred while receiving data in third branch, try n: 0
 -+
+- 14:06:26 Socket timeout occurred while receiving data in third branch, try n: 0
 -+
+- 14:06:27 Socket timeout occurred while receiving data in third branch, try n: 0
 -+
+- 14:06:28 Socket timeout occurred while receiving data in third branch, try n: 0
 -+
+- 14:06:29 Socket timeout occurred while receiving data in third branch, try n: 0
 -+
+- 14:06:30 Socket timeout occurred while receiving data in third branch, try n: 0
 -+
+- 14:06:31 Socket timeout occurred while receiving data in third branch, try n: 0
 -+
+- 14:06:32 Socket timeout occurred while receiving data in third branch, try n: 0
 -+
+- 14:06:33 Socket timeout occurred while receiving data in third branch, try n: 0
 -+
+- 14:06:34 Socket timeout occurred while receiving data in third branch, try n: 0
 -+
+- 14:06:35 Socket timeout occurred while receiving data in third branch, try n: 0
 -+
+- 14:06:36 Socket timeout occurred while receiving data in third branch, try n: 0
 -+
+- 14:06:37 Socket timeout occurred while receiving data in third branch, try n: 0
 -+
+- 14:06:38 Socket timeout occurred while receiving data in third branch, try n: 0
 -+
+- 14:06:39 Socket timeout occurred while receiving data in third branch, try n: 0
 -+
+- 14:06:40 Socket timeout occurred while receiving data in third branch, try n: 0
 -+
+- 14:06:41 Socket timeout occurred while receiving data in third branch, try n: 0
 -+
+- 14:06:42 Socket timeout occurred while receiving data in third branch, try n: 0
 -+
+- 14:06:43 Socket timeout occurred while receiving data in third branch, try n: 0
 -+
+- 14:06:44 Socket timeout occurred while receiving data in third branch, try n: 0
 -+
+- 14:06:45 Socket timeout occurred while receiving data in third branch, try n: 0
 -+
+- 14:06:46 Socket timeout occurred while receiving data in third branch, try n: 0
 -+
+- 14:06:47 Socket timeout occurred while receiving data in third branch, try n: 0
 -+
+- 14:06:48 Socket timeout occurred while receiving data in third branch, try n: 0
 -+
+- 14:06:49 Socket timeout occurred while receiving data in third branch, try n: 0
 -+
+- 14:06:50 Socket timeout occurred while receiving data in third branch, try n: 0
 -+
+- 14:06:51 Socket timeout occurred while receiving data in third branch, try n: 0
 -+
+- 14:06:52 Socket timeout occurred while receiving data in third branch, try n: 0
 -+
+- 14:06:53 Socket timeout occurred while receiving data in third branch, try n: 0
 -+
+- 14:06:54 Socket timeout occurred while receiving data in third branch, try n: 0
 -+
+- 14:06:55 Socket timeout occurred while receiving data in third branch, try n: 0
 -+
+- 14:06:56 Socket timeout occurred while receiving data in third branch, try n: 0
 -+
+- 14:06:57 Socket timeout occurred while receiving data in third branch, try n: 0
 -+
+- 14:06:58 Socket timeout occurred while receiving data in third branch, try n: 0
 -+
+- 14:06:59 Socket timeout occurred while receiving data in third branch, try n: 0
 -+
+- 14:07:00 Socket timeout occurred while receiving data in third branch, try n: 0
 -+
+- 14:07:01 Socket timeout occurred while receiving data in third branch, try n: 0
 -+
+- 14:07:02 Socket timeout occurred while receiving data in third branch, try n: 0
 -+
+- 14:07:03 Socket timeout occurred while receiving data in third branch, try n: 0
 -+
+- 14:07:04 Socket timeout occurred while receiving data in third branch, try n: 0
 -+
+- 14:07:05 Socket timeout occurred while receiving data in third branch, try n: 0
 -+
+- 14:07:06 Socket timeout occurred while receiving data in third branch, try n: 0
 -+
+- 14:07:07 Socket timeout occurred while receiving data in third branch, try n: 0
 -+
+- 14:07:08 Socket timeout occurred while receiving data in third branch, try n: 0
 -+
+- 14:07:09 Socket timeout occurred while receiving data in third branch, try n: 0
 -+
+- 14:07:10 Socket timeout occurred while receiving data in third branch, try n: 0
 -+
+- 14:07:11 Socket timeout occurred while receiving data in third branch, try n: 0
 -+
+- 14:07:12 Socket timeout occurred while receiving data in third branch, try n: 0
 -+
+- 14:07:13 Socket timeout occurred while receiving data in third branch, try n: 0
 -+
+- 14:07:14 Socket timeout occurred while receiving data in third branch, try n: 0
 -+
+- 14:07:15 Socket timeout occurred while receiving data in third branch, try n: 0
 -+
+- 14:07:16 Socket timeout occurred while receiving data in third branch, try n: 0
 -+
+- 14:07:18 Socket timeout occurred while receiving data in third branch, try n: 0
 -+
+- 14:07:19 Socket timeout occurred while receiving data in third branch, try n: 0
 -+
+- 14:07:20 Socket timeout occurred while receiving data in third branch, try n: 0
 -+
+- 14:07:21 Socket timeout occurred while receiving data in third branch, try n: 0
 -+
+- 14:07:22 Socket timeout occurred while receiving data in third branch, try n: 0
 -+
+- 14:07:23 Socket timeout occurred while receiving data in third branch, try n: 0
 -+
+- 14:07:24 Socket timeout occurred while receiving data in third branch, try n: 0
 -+
+- 14:07:25 Socket timeout occurred while receiving data in third branch, try n: 0
 -+
+- 14:07:47 Socket timeout at point 1 occurred while receiving data, sleeping
 -+
+- 14:08:09 Socket timeout at point 1 occurred while receiving data, sleeping
 -+
+- 14:08:31 Socket timeout for exceeded 1440 bytes occurred while receiving data, sleeping
 -+
+- 14:08:32 Socket timeout at point 1 occurred while receiving data, sleeping
 -+
+- 14:08:54 Socket timeout for exceeded 1440 bytes occurred while receiving data, sleeping
 -+
+- 14:08:55 Socket timeout for exceeded 1440 bytes occurred while receiving data, sleeping
 -+
+- 14:08:56 Socket timeout for exceeded 1440 bytes occurred while receiving data, sleeping
 -+
+- 14:08:57 Socket timeout at point 1 occurred while receiving data, sleeping
 -+
+- 14:09:19 Socket timeout at point 1 occurred while receiving data, sleeping
 -+
+- 14:09:41 Socket timeout for exceeded 1440 bytes occurred while receiving data, sleeping
 -+
+- 14:09:42 Socket timeout for exceeded 1440 bytes occurred while receiving data, sleeping
 -+
+- 14:09:43 Socket timeout for exceeded 1440 bytes occurred while receiving data, sleeping
 -+
+- 14:09:44 Socket timeout for exceeded 1440 bytes occurred while receiving data, sleeping
 -+
+- 14:09:45 Socket timeout for exceeded 1440 bytes occurred while receiving data, sleeping
 -+
+- 14:09:46 Socket timeout for exceeded 1440 bytes occurred while receiving data, sleeping
 -+
+- 14:09:47 Socket timeout at point 1 occurred while receiving data, sleeping
 -+
+- 14:10:09 Socket timeout at point 1 occurred while receiving data, sleeping
 -+
