=== Risposte_camera - Started: 2025-10-21 19:04:55.862547 ===

+- ZED camera initialized. -+
+- Image captured and saved from ZED camera. -+
+- ZED camera closed. -+
+- ZED camera initialized. -+
+- Image captured and saved from ZED camera. -+
+- ZED camera closed. -+
+- Piante trovate: [[240.3261661529541, 736.9140386581421, 98.05333614349365, 1079.3009996414185, 426.5061616897583, 789.8616194725037]] -+
+- ZED camera is not initialized. -+
+- ZED camera initialized. -+
+- Image captured and saved from ZED camera. -+
+- ZED camera closed. -+
+- ZED camera initialized. -+
+- Image captured and saved from ZED camera. -+
+- ZED camera closed. -+
+- Piante trovate: [[241.81431531906128, 726.9428074359894, 75.04001259803772, 1065.3014183044434, 413.890540599823, 753.4483671188354]] -+
+- ZED camera is not initialized. -+
+- Point cloud for plant_1 recorded and saved. -+
+- Percorsi - Scansione avviata per plant_1 con 300 fotogrammi. -+
+- ZED camera initialized. -+
+- Image captured and saved from ZED camera. -+
+- ZED camera closed. -+
+- ZED camera initialized. -+
+- Image captured and saved from ZED camera. -+
+- ZED camera closed. -+
+- Piante trovate: [[242.05684661865234, 731.6910922527313, 86.3008201122284, 1068.6697959899902, 421.69004678726196, 776.8138647079468]] -+
+- ZED camera is not initialized. -+
+- ZED camera initialized. -+
+- Image captured and saved from ZED camera. -+
+- ZED camera closed. -+
+- ZED camera initialized. -+
+- Image captured and saved from ZED camera. -+
+- ZED camera closed. -+
+- Piante trovate: [[371.01830542087555, 715.7741785049438, 94.39326886786148, 149.8759686946869, 125.49102306365967, 185.60337892267853]] -+
+- ZED camera is not initialized. -+
