=== Invio_comandi - Started: 2025-10-29 19:04:24.361813 ===

+- 19:04:26  -- send to 29999 - EnableRobot()
 -+
+- 19:04:30  -- receive from 29999 - 0,{},EnableRobot();
 -+
+- 19:04:30  -- send to 29999 - SpeedFactor(30)
 -+
+- 19:04:31  -- receive from 29999 - 0,{},SpeedFactor(30);
 -+
+- 19:04:31  -- send to 29999 - SpeedJ(40)
 -+
+- 19:04:31  -- receive from 29999 - 0,{},SpeedJ(40);
 -+
+- 19:04:31  -- send to 30003 - JointMovJ(-90.000000,-75.000000,138.000000,27.000000,-90.000000,180.000000)
 -+
+- 19:04:31  -- receive from 30003 - 0,{},JointMovJ(-90.000000,-75.000000,138.000000,27.000000,-90.000000,180.000000);
 -+
+- 19:04:31  -- send to 29999 - GetAngle()
 -+
+- 19:04:31  -- receive from 29999 - 0,{-104.986298,-46.025494,86.045258,28.999229,-90.000015,168.010590},GetAngle();
 -+
+- 19:04:31  -- send to 29999 - GetAngle()
 -+
+- 19:04:31  -- receive from 29999 - 0,{-103.686615,-48.538300,90.551018,28.825846,-90.000015,169.050369},GetAngle();
 -+
+- 19:04:32  -- send to 29999 - GetAngle()
 -+
+- 19:04:32  -- receive from 29999 - 0,{-100.675087,-54.360779,100.991417,28.424097,-90.000015,171.459671},GetAngle();
 -+
+- 19:04:32  -- send to 29999 - GetAngle()
 -+
+- 19:04:32  -- receive from 29999 - 0,{-97.534920,-60.431988,111.877815,28.005186,-90.000008,173.971878},GetAngle();
 -+
+- 19:04:33  -- send to 29999 - GetAngle()
 -+
+- 19:04:33  -- receive from 29999 - 0,{-94.394745,-66.503197,122.764214,27.586275,-90.000008,176.484100},GetAngle();
 -+
+- 19:04:33  -- send to 29999 - GetAngle()
 -+
+- 19:04:33  -- receive from 29999 - 0,{-91.367073,-72.356911,133.260620,27.182373,-90.000000,178.906311},GetAngle();
 -+
+- 19:04:34  -- send to 29999 - GetAngle()
 -+
+- 19:04:34  -- receive from 29999 - 0,{-90.017845,-74.965508,137.938141,27.002380,-90.000000,179.985733},GetAngle();
 -+
+- 19:04:37  -- send to 30003 - JointMovJ(-105.000000,-46.000000,86.000000,29.000000,-90.000000,168.000000)
 -+
+- 19:04:37  -- receive from 30003 - 0,{},JointMovJ(-105.000000,-46.000000,86.000000,29.000000,-90.000000,168.000000);
 -+
+- 19:04:37  -- send to 29999 - GetAngle()
 -+
+- 19:04:37  -- receive from 29999 - 0,{-90.012764,-74.975327,137.955765,27.001701,-90.000000,179.989792},GetAngle();
 -+
+- 19:04:38  -- send to 29999 - GetAngle()
 -+
+- 19:04:38  -- receive from 29999 - 0,{-91.312500,-72.462502,133.449997,27.174999,-90.000000,178.949997},GetAngle();
 -+
+- 19:04:38  -- send to 29999 - GetAngle()
 -+
+- 19:04:38  -- receive from 29999 - 0,{-94.324150,-66.639969,123.009598,27.576553,-90.000000,176.540680},GetAngle();
 -+
+- 19:04:39  -- send to 29999 - GetAngle()
 -+
+- 19:04:39  -- receive from 29999 - 0,{-97.464462,-60.568707,112.123199,27.995262,-90.000000,174.028427},GetAngle();
 -+
+- 19:04:39  -- send to 29999 - GetAngle()
 -+
+- 19:04:39  -- receive from 29999 - 0,{-100.604767,-54.497448,101.236801,28.413969,-90.000000,171.516190},GetAngle();
 -+
+- 19:04:40  -- send to 29999 - GetAngle()
 -+
+- 19:04:40  -- receive from 29999 - 0,{-103.632645,-48.643559,90.740173,28.817686,-90.000000,169.093887},GetAngle();
 -+
+- 19:04:40  -- send to 29999 - GetAngle()
 -+
+- 19:04:40  -- receive from 29999 - 0,{-104.982132,-46.034542,86.061935,28.997618,-90.000000,168.014297},GetAngle();
 -+
+- 19:05:00  -- send to 30003 - JointMovJ(-105.000000,-46.000000,86.000000,29.000000,-90.000000,168.000000)
 -+
+- 19:05:00  -- receive from 30003 - 0,{},JointMovJ(-105.000000,-46.000000,86.000000,29.000000,-90.000000,168.000000);
 -+
+- 19:05:00  -- send to 29999 - GetAngle()
 -+
+- 19:05:00  -- receive from 29999 - 0,{-105.000000,-46.000000,86.000000,29.000000,-90.000000,168.000000},GetAngle();
 -+
+- 19:05:00  -- send to 29999 - GetPose()
 -+
+- 19:05:00  -- receive from 29999 - 0,{-121.813042,100.983841,661.165161,159.420837,4.289346,176.601990},GetPose();
 -+
+- 19:05:05  -- send to 29999 - GetPose()
 -+
+- 19:05:05  -- receive from 29999 - 0,{-121.813042,100.983841,661.165161,159.420837,4.289346,176.601990},GetPose();
 -+
+- 19:05:05  -- send to 29999 - InverseSolution(300.000000,300.000000,600.000000,-180.000000,0.000000,180.000000,0,0)
 -+
+- 19:05:08  -- receive from 29999 - 0,{-154.767540,-6.268417,74.506082,21.765450,-90.199058,115.571318},InverseSolution(300.000000,300.000000,600.000000,-180.000000,0.000000,180.000000,0,0);
 -+
+- 19:05:08  -- send to 30003 - JointMovJ(-154.767540,-6.268417,74.506082,21.765450,-90.199058,115.571318)
 -+
+- 19:05:08  -- receive from 30003 - 0,{},JointMovJ(-154.767540,-6.268417,74.506082,21.765450,-90.199058,115.571318);
 -+
+- 19:05:08  -- send to 29999 - GetAngle()
 -+
+- 19:05:08  -- receive from 29999 - 0,{-105.044235,-45.964684,85.989784,28.993570,-90.000175,167.953400},GetAngle();
 -+
+- 19:05:08  -- send to 29999 - GetAngle()
 -+
+- 19:05:08  -- receive from 29999 - 0,{-109.550003,-42.367538,84.949165,28.338581,-90.018196,163.206711},GetAngle();
 -+
+- 19:05:09  -- send to 29999 - GetAngle()
 -+
+- 19:05:09  -- receive from 29999 - 0,{-119.604187,-34.340851,82.627136,26.877037,-90.058411,152.614914},GetAngle();
 -+
+- 19:05:09  -- send to 29999 - GetAngle()
 -+
+- 19:05:09  -- receive from 29999 - 0,{-129.938019,-26.090900,80.240509,25.374840,-90.099747,141.728516},GetAngle();
 -+
+- 19:05:10  -- send to 29999 - GetAngle()
 -+
+- 19:05:10  -- receive from 29999 - 0,{-140.271851,-17.840952,77.853889,23.872643,-90.141083,130.842117},GetAngle();
 -+
+- 19:05:10  -- send to 29999 - GetAngle()
 -+
+- 19:05:10  -- receive from 29999 - 0,{-150.304443,-9.831511,75.536842,22.414238,-90.181206,120.273079},GetAngle();
 -+
+- 19:05:11  -- send to 29999 - GetAngle()
 -+
+- 19:05:11  -- receive from 29999 - 0,{-154.730225,-6.298209,74.514702,21.770874,-90.198906,115.610634},GetAngle();
 -+
+- 19:05:11  -- send to 29999 - GetPose()
 -+
+- 19:05:11  -- receive from 29999 - 0,{300.000031,299.999969,600.000000,-180.000000,0.000001,179.999985},GetPose();
 -+
+- 19:05:11  -- send to 29999 - InverseSolution(300.000000,540.000000,535.000000,-141.000000,0.000000,180.000000,0,0)
 -+
+- 19:05:11  -- receive from 29999 - 0,{-128.528473,38.745848,17.631869,66.180081,-113.190054,148.762967},InverseSolution(300.000000,540.000000,535.000000,-141.000000,0.000000,180.000000,0,0);
 -+
+- 19:05:11  -- send to 30003 - JointMovJ(-128.528473,38.745848,17.631869,66.180081,-113.190054,148.762967)
 -+
+- 19:05:11  -- receive from 30003 - 0,{},JointMovJ(-128.528473,38.745848,17.631869,66.180081,-113.190054,148.762967);
 -+
+- 19:05:11  -- send to 29999 - GetAngle()
 -+
+- 19:05:11  -- receive from 29999 - 0,{-154.747131,-6.233405,74.461845,21.799995,-90.216942,115.597137},GetAngle();
 -+
+- 19:05:12  -- send to 29999 - GetAngle()
 -+
+- 19:05:12  -- receive from 29999 - 0,{-152.668396,-2.667226,69.956078,25.318668,-92.038361,118.226685},GetAngle();
 -+
+- 19:05:12  -- send to 29999 - GetAngle()
 -+
+- 19:05:12  -- receive from 29999 - 0,{-147.851685,5.596044,59.515682,33.471863,-96.258820,124.319679},GetAngle();
 -+
+- 19:05:13  -- send to 29999 - GetAngle()
 -+
+- 19:05:13  -- receive from 29999 - 0,{-142.829208,14.212309,48.629280,41.973354,-100.659569,130.672958},GetAngle();
 -+
+- 19:05:13  -- send to 29999 - GetAngle()
 -+
+- 19:05:13  -- receive from 29999 - 0,{-137.806747,22.828575,37.742882,50.474842,-105.060318,137.026230},GetAngle();
 -+
+- 19:05:14  -- send to 29999 - GetAngle()
 -+
+- 19:05:14  -- receive from 29999 - 0,{-132.784271,31.444839,26.856480,58.976330,-109.461075,143.379517},GetAngle();
 -+
+- 19:05:14  -- send to 29999 - GetAngle()
 -+
+- 19:05:14  -- receive from 29999 - 0,{-129.088730,37.784695,18.846258,65.231735,-112.699150,148.054260},GetAngle();
 -+
+- 19:05:15  -- send to 29999 - GetAngle()
 -+
+- 19:05:15  -- receive from 29999 - 0,{-128.528473,38.745850,17.631868,66.180084,-113.190056,148.762970},GetAngle();
 -+
+- 19:05:15  -- send to 29999 - GetPose()
 -+
+- 19:05:15  -- receive from 29999 - 0,{300.000000,540.000000,535.000000,-141.000000,0.000001,180.000000},GetPose();
 -+
+- 19:05:15  -- send to 29999 - InverseSolution(300.000000,300.000000,600.000000,-180.000000,0.000000,180.000000,0,0)
 -+
+- 19:05:15  -- receive from 29999 - 0,{-154.767540,-6.268417,74.506082,21.765450,-90.199058,115.571318},InverseSolution(300.000000,300.000000,600.000000,-180.000000,0.000000,180.000000,0,0);
 -+
+- 19:05:15  -- send to 30003 - JointMovJ(-154.767540,-6.268417,74.506082,21.765450,-90.199058,115.571318)
 -+
+- 19:05:15  -- receive from 30003 - 0,{},JointMovJ(-154.767540,-6.268417,74.506082,21.765450,-90.199058,115.571318);
 -+
+- 19:05:15  -- send to 29999 - GetAngle()
 -+
+- 19:05:15  -- receive from 29999 - 0,{-128.548889,38.710838,17.676105,66.145538,-113.172173,148.737152},GetAngle();
 -+
+- 19:05:15  -- send to 29999 - GetAngle()
 -+
+- 19:05:15  -- receive from 29999 - 0,{-130.627625,35.144657,22.181868,62.626865,-111.350754,146.107605},GetAngle();
 -+
+- 19:05:16  -- send to 29999 - GetAngle()
 -+
+- 19:05:16  -- receive from 29999 - 0,{-135.444336,26.881390,32.622269,54.473671,-107.130295,140.014603},GetAngle();
 -+
+- 19:05:16  -- send to 29999 - GetAngle()
 -+
+- 19:05:16  -- receive from 29999 - 0,{-140.466812,18.265123,43.508667,45.972179,-102.729546,133.661331},GetAngle();
 -+
+- 19:05:17  -- send to 29999 - GetAngle()
 -+
+- 19:05:17  -- receive from 29999 - 0,{-145.489273,9.648858,54.395069,37.470692,-98.328796,127.308060},GetAngle();
 -+
+- 19:05:17  -- send to 29999 - GetAngle()
 -+
+- 19:05:17  -- receive from 29999 - 0,{-150.511749,1.032592,65.281471,28.969202,-93.928040,120.954781},GetAngle();
 -+
+- 19:05:18  -- send to 29999 - GetAngle()
 -+
+- 19:05:18  -- receive from 29999 - 0,{-154.207291,-5.307263,73.291687,22.713800,-90.689964,116.280037},GetAngle();
 -+
+- 19:05:18  -- send to 29999 - GetAngle()
 -+
+- 19:05:18  -- receive from 29999 - 0,{-154.767548,-6.268417,74.506081,21.765450,-90.199059,115.571320},GetAngle();
 -+
+- 19:05:18  -- send to 29999 - GetPose()
 -+
+- 19:05:18  -- receive from 29999 - 0,{300.000031,299.999969,600.000000,-180.000000,0.000001,179.999985},GetPose();
 -+
+- 19:05:18  -- send to 29999 - InverseSolution(514.000000,300.000000,555.000000,-151.000000,0.000000,90.000000,0,0)
 -+
+- 19:05:19  -- receive from 29999 - 0,{-164.954802,30.583874,28.134273,59.387472,-82.893256,193.691225},InverseSolution(514.000000,300.000000,555.000000,-151.000000,0.000000,90.000000,0,0);
 -+
+- 19:05:19  -- send to 30003 - JointMovJ(-164.954802,30.583874,28.134273,59.387472,-82.893256,193.691225)
 -+
+- 19:05:19  -- receive from 30003 - 0,{},JointMovJ(-164.954802,30.583874,28.134273,59.387472,-82.893256,193.691225);
 -+
+- 19:05:19  -- send to 29999 - GetAngle()
 -+
+- 19:05:19  -- receive from 29999 - 0,{-154.777267,-6.233261,74.461845,21.801340,-90.192093,115.645844},GetAngle();
 -+
+- 19:05:19  -- send to 29999 - GetAngle()
 -+
+- 19:05:19  -- receive from 29999 - 0,{-155.714844,-2.841611,70.194077,25.263832,-89.519707,122.835503},GetAngle();
 -+
+- 19:05:20  -- send to 29999 - GetAngle()
 -+
+- 19:05:20  -- receive from 29999 - 0,{-157.134476,2.293941,63.731934,30.506649,-88.501610,133.721909},GetAngle();
 -+
+- 19:05:20  -- send to 29999 - GetAngle()
 -+
+- 19:05:20  -- receive from 29999 - 0,{-158.554123,7.429492,57.269791,35.749466,-87.483513,144.608307},GetAngle();
 -+
+- 19:05:21  -- send to 29999 - GetAngle()
 -+
+- 19:05:21  -- receive from 29999 - 0,{-159.973770,12.565043,50.807648,40.992283,-86.465408,155.494705},GetAngle();
 -+
+- 19:05:21  -- send to 29999 - GetAngle()
 -+
+- 19:05:21  -- receive from 29999 - 0,{-161.393417,17.700596,44.345501,46.235100,-85.447311,166.381104},GetAngle();
 -+
+- 19:05:22  -- send to 29999 - GetAngle()
 -+
+- 19:05:22  -- receive from 29999 - 0,{-162.813065,22.836147,37.883358,51.477917,-84.429207,177.267502},GetAngle();
 -+
+- 19:05:22  -- send to 29999 - GetAngle()
 -+
+- 19:05:22  -- receive from 29999 - 0,{-164.232697,27.971682,31.421234,56.720718,-83.411110,188.153870},GetAngle();
 -+
+- 19:05:23  -- send to 29999 - GetAngle()
 -+
+- 19:05:23  -- receive from 29999 - 0,{-164.954758,30.583710,28.134480,59.387302,-82.893288,193.690872},GetAngle();
 -+
+- 19:05:23  -- send to 29999 - GetPose()
 -+
+- 19:05:23  -- receive from 29999 - 0,{514.000000,299.999969,555.000000,-151.000000,-0.000001,90.000000},GetPose();
 -+
+- 19:05:23  -- send to 29999 - InverseSolution(300.000000,300.000000,600.000000,-180.000000,0.000000,180.000000,0,0)
 -+
+- 19:05:23  -- receive from 29999 - 0,{-154.767540,-6.268417,74.506082,21.765450,-90.199058,115.571318},InverseSolution(300.000000,300.000000,600.000000,-180.000000,0.000000,180.000000,0,0);
 -+
+- 19:05:23  -- send to 30003 - JointMovJ(-154.767540,-6.268417,74.506082,21.765450,-90.199058,115.571318)
 -+
+- 19:05:23  -- receive from 30003 - 0,{},JointMovJ(-154.767540,-6.268417,74.506082,21.765450,-90.199058,115.571318);
 -+
+- 19:05:23  -- send to 29999 - GetAngle()
 -+
+- 19:05:23  -- receive from 29999 - 0,{-164.945084,30.548717,28.178511,59.351582,-82.900223,193.616699},GetAngle();
 -+
+- 19:05:24  -- send to 29999 - GetAngle()
 -+
+- 19:05:24  -- receive from 29999 - 0,{-164.007507,27.157068,32.446278,55.889088,-83.572609,186.427048},GetAngle();
 -+
+- 19:05:24  -- send to 29999 - GetAngle()
 -+
+- 19:05:24  -- receive from 29999 - 0,{-162.587875,22.021517,38.908421,50.646271,-84.590706,175.540634},GetAngle();
 -+
+- 19:05:25  -- send to 29999 - GetAngle()
 -+
+- 19:05:25  -- receive from 29999 - 0,{-161.168228,16.885965,45.370564,45.403454,-85.608803,164.654236},GetAngle();
 -+
+- 19:05:25  -- send to 29999 - GetAngle()
 -+
+- 19:05:25  -- receive from 29999 - 0,{-159.748581,11.750413,51.832706,40.160637,-86.626907,153.767838},GetAngle();
 -+
+- 19:05:26  -- send to 29999 - GetAngle()
 -+
+- 19:05:26  -- receive from 29999 - 0,{-158.328934,6.614861,58.294853,34.917820,-87.645004,142.881439},GetAngle();
 -+
+- 19:05:26  -- send to 29999 - GetAngle()
 -+
+- 19:05:26  -- receive from 29999 - 0,{-156.909286,1.479310,64.756996,29.675003,-88.663109,131.995041},GetAngle();
 -+
+- 19:05:27  -- send to 29999 - GetAngle()
 -+
+- 19:05:27  -- receive from 29999 - 0,{-155.489655,-3.656225,71.219116,24.432201,-89.681206,121.108673},GetAngle();
 -+
+- 19:05:27  -- send to 29999 - GetAngle()
 -+
+- 19:05:27  -- receive from 29999 - 0,{-154.767593,-6.268252,74.505875,21.765617,-90.199028,115.571671},GetAngle();
 -+
+- 19:05:27  -- send to 29999 - GetPose()
 -+
+- 19:05:27  -- receive from 29999 - 0,{300.000458,300.000031,600.000061,-179.999985,-0.000053,179.999832},GetPose();
 -+
+- 19:05:27  -- send to 29999 - InverseSolution(300.000000,54.000000,535.000000,-141.000000,0.000000,0.000000,0,0)
 -+
+- 19:05:27  -- receive from 29999 - 0,{-210.847817,-24.442157,94.170346,42.602256,-57.315480,232.866121},InverseSolution(300.000000,54.000000,535.000000,-141.000000,0.000000,0.000000,0,0);
 -+
+- 19:05:27  -- send to 30003 - JointMovJ(-210.847817,-24.442157,94.170346,42.602256,-57.315480,232.866121)
 -+
+- 19:05:27  -- receive from 30003 - 0,{},JointMovJ(-210.847817,-24.442157,94.170346,42.602256,-57.315480,232.866121);
 -+
+- 19:05:27  -- send to 29999 - GetAngle()
 -+
+- 19:05:27  -- receive from 29999 - 0,{-154.811783,-6.282753,74.521591,21.781885,-90.173119,115.663841},GetAngle();
 -+
+- 19:05:28  -- send to 29999 - GetAngle()
 -+
+- 19:05:28  -- receive from 29999 - 0,{-158.669998,-7.533072,75.874458,23.215420,-87.910789,123.733505},GetAngle();
 -+
+- 19:05:28  -- send to 29999 - GetAngle()
 -+
+- 19:05:28  -- receive from 29999 - 0,{-163.874939,-9.219818,77.699539,25.149332,-84.858788,134.619904},GetAngle();
 -+
+- 19:05:29  -- send to 29999 - GetAngle()
 -+
+- 19:05:29  -- receive from 29999 - 0,{-169.079880,-10.906566,79.524628,27.083242,-81.806793,145.506302},GetAngle();
 -+
+- 19:05:29  -- send to 29999 - GetAngle()
 -+
+- 19:05:29  -- receive from 29999 - 0,{-174.284821,-12.593312,81.349716,29.017155,-78.754791,156.392700},GetAngle();
 -+
+- 19:05:30  -- send to 29999 - GetAngle()
 -+
+- 19:05:30  -- receive from 29999 - 0,{-179.489761,-14.280059,83.174797,30.951067,-75.702789,167.279114},GetAngle();
 -+
+- 19:05:30  -- send to 29999 - GetAngle()
 -+
+- 19:05:30  -- receive from 29999 - 0,{-184.694702,-15.966805,84.999886,32.884979,-72.650787,178.165512},GetAngle();
 -+
+- 19:05:31  -- send to 29999 - GetAngle()
 -+
+- 19:05:31  -- receive from 29999 - 0,{-189.899643,-17.653551,86.824974,34.818890,-69.598785,189.051910},GetAngle();
 -+
+- 19:05:31  -- send to 29999 - GetAngle()
 -+
+- 19:05:31  -- receive from 29999 - 0,{-195.104584,-19.340300,88.650063,36.752804,-66.546783,199.938309},GetAngle();
 -+
+- 19:05:32  -- send to 29999 - GetAngle()
 -+
+- 19:05:32  -- receive from 29999 - 0,{-200.309525,-21.027046,90.475143,38.686714,-63.494785,210.824707},GetAngle();
 -+
+- 19:05:32  -- send to 29999 - GetAngle()
 -+
+- 19:05:32  -- receive from 29999 - 0,{-205.514450,-22.713793,92.300232,40.620628,-60.442783,221.711105},GetAngle();
 -+
+- 19:05:33  -- send to 29999 - GetAngle()
 -+
+- 19:05:33  -- receive from 29999 - 0,{-210.324402,-24.272535,93.986816,42.407780,-57.622395,231.771362},GetAngle();
 -+
+- 19:05:33  -- send to 29999 - GetAngle()
 -+
+- 19:05:33  -- receive from 29999 - 0,{-210.847824,-24.442158,94.170349,42.602257,-57.315479,232.866119},GetAngle();
 -+
+- 19:05:33  -- send to 29999 - GetPose()
 -+
+- 19:05:33  -- receive from 29999 - 0,{300.000000,53.999966,535.000000,-141.000000,0.000001,-0.000006},GetPose();
 -+
+- 19:05:33  -- send to 29999 - InverseSolution(300.000000,300.000000,600.000000,-180.000000,0.000000,180.000000,0,0)
 -+
+- 19:05:34  -- receive from 29999 - 0,{-154.767540,-6.268417,74.506082,21.765450,-90.199058,115.571318},InverseSolution(300.000000,300.000000,600.000000,-180.000000,0.000000,180.000000,0,0);
 -+
+- 19:05:34  -- send to 30003 - JointMovJ(-154.767540,-6.268417,74.506082,21.765450,-90.199058,115.571318)
 -+
+- 19:05:34  -- receive from 30003 - 0,{},JointMovJ(-154.767540,-6.268417,74.506082,21.765450,-90.199058,115.571318);
 -+
+- 19:05:34  -- send to 29999 - GetAngle()
 -+
+- 19:05:34  -- receive from 29999 - 0,{-210.803589,-24.427822,94.154839,42.585819,-57.341419,232.773590},GetAngle();
 -+
+- 19:05:34  -- send to 29999 - GetAngle()
 -+
+- 19:05:34  -- receive from 29999 - 0,{-206.945374,-23.177504,92.801971,41.152287,-59.603748,224.703934},GetAngle();
 -+
+- 19:05:35  -- send to 29999 - GetAngle()
 -+
+- 19:05:35  -- receive from 29999 - 0,{-201.740433,-21.490757,90.976891,39.218376,-62.655746,213.817535},GetAngle();
 -+
+- 19:05:35  -- send to 29999 - GetAngle()
 -+
+- 19:05:35  -- receive from 29999 - 0,{-196.535492,-19.804008,89.151802,37.284462,-65.707748,202.931137},GetAngle();
 -+
+- 19:05:36  -- send to 29999 - GetAngle()
 -+
+- 19:05:36  -- receive from 29999 - 0,{-191.330551,-18.117262,87.326714,35.350552,-68.759750,192.044739},GetAngle();
 -+
+- 19:05:36  -- send to 29999 - GetAngle()
 -+
+- 19:05:36  -- receive from 29999 - 0,{-186.125610,-16.430515,85.501633,33.416637,-71.811752,181.158325},GetAngle();
 -+
+- 19:05:37  -- send to 29999 - GetAngle()
 -+
+- 19:05:37  -- receive from 29999 - 0,{-180.920670,-14.743770,83.676544,31.482727,-74.863747,170.271927},GetAngle();
 -+
+- 19:05:37  -- send to 29999 - GetAngle()
 -+
+- 19:05:37  -- receive from 29999 - 0,{-175.715729,-13.057023,81.851456,29.548815,-77.915749,159.385529},GetAngle();
 -+
+- 19:05:38  -- send to 29999 - GetAngle()
 -+
+- 19:05:38  -- receive from 29999 - 0,{-170.510788,-11.370275,80.026367,27.614902,-80.967751,148.499130},GetAngle();
 -+
+- 19:05:38  -- send to 29999 - GetAngle()
 -+
+- 19:05:38  -- receive from 29999 - 0,{-165.305847,-9.683529,78.201286,25.680990,-84.019753,137.612732},GetAngle();
 -+
+- 19:05:39  -- send to 29999 - GetAngle()
 -+
+- 19:05:39  -- receive from 29999 - 0,{-160.100922,-7.996782,76.376198,23.747080,-87.071754,126.726334},GetAngle();
 -+
+- 19:05:39  -- send to 29999 - GetAngle()
 -+
+- 19:05:39  -- receive from 29999 - 0,{-155.290970,-6.438039,74.689613,21.959927,-89.892143,116.666077},GetAngle();
 -+
+- 19:05:40  -- send to 29999 - GetAngle()
 -+
+- 19:05:40  -- receive from 29999 - 0,{-154.767548,-6.268417,74.506081,21.765450,-90.199059,115.571320},GetAngle();
 -+
+- 19:05:40  -- send to 29999 - GetPose()
 -+
+- 19:05:40  -- receive from 29999 - 0,{300.000031,299.999969,600.000000,-180.000000,0.000001,179.999985},GetPose();
 -+
+- 19:05:40  -- send to 29999 - InverseSolution(57.000000,300.000000,535.000000,-141.000000,0.000000,-90.000000,0,0)
 -+
+- 19:05:40  -- receive from 29999 - 0,{-116.729647,-27.479072,109.320024,-11.718038,-124.408213,57.293888},InverseSolution(57.000000,300.000000,535.000000,-141.000000,0.000000,-90.000000,0,0);
 -+
+- 19:05:40  -- send to 30003 - JointMovJ(-116.729647,-27.479072,109.320024,-11.718038,-124.408213,57.293888)
 -+
+- 19:05:40  -- receive from 30003 - 0,{},JointMovJ(-116.729647,-27.479072,109.320024,-11.718038,-124.408213,57.293888);
 -+
+- 19:05:40  -- send to 29999 - GetAngle()
 -+
+- 19:05:40  -- receive from 29999 - 0,{-154.723312,-6.293084,74.546570,21.726509,-90.238846,115.503548},GetAngle();
 -+
+- 19:05:40  -- send to 29999 - GetAngle()
 -+
+- 19:05:40  -- receive from 29999 - 0,{-150.326172,-8.745010,78.571014,17.855860,-94.193382,108.766747},GetAngle();
 -+
+- 19:05:41  -- send to 29999 - GetAngle()
 -+
+- 19:05:41  -- receive from 29999 - 0,{-143.220581,-12.707225,85.074364,11.601043,-100.583755,97.880348},GetAngle();
 -+
+- 19:05:41  -- send to 29999 - GetAngle()
 -+
+- 19:05:41  -- receive from 29999 - 0,{-136.114990,-16.669439,91.577713,5.346226,-106.974121,86.993942},GetAngle();
 -+
+- 19:05:42  -- send to 29999 - GetAngle()
 -+
+- 19:05:42  -- receive from 29999 - 0,{-129.009384,-20.631653,98.081062,-0.908590,-113.364494,76.107544},GetAngle();
 -+
+- 19:05:42  -- send to 29999 - GetAngle()
 -+
+- 19:05:42  -- receive from 29999 - 0,{-121.903793,-24.593868,104.584412,-7.163407,-119.754868,65.221146},GetAngle();
 -+
+- 19:05:43  -- send to 29999 - GetAngle()
 -+
+- 19:05:43  -- receive from 29999 - 0,{-116.886131,-27.391811,109.176796,-11.580285,-124.267471,57.533642},GetAngle();
 -+
+- 19:05:43  -- send to 29999 - GetPose()
 -+
+- 19:05:43  -- receive from 29999 - 0,{57.023296,300.010925,535.008484,-141.004211,0.003721,-90.007996},GetPose();
 -+
+- 19:05:43  -- send to 29999 - InverseSolution(300.000000,300.000000,600.000000,-180.000000,0.000000,180.000000,0,0)
 -+
+- 19:05:43  -- receive from 29999 - 0,{-154.767540,-6.268417,74.506082,21.765450,-90.199058,115.571318},InverseSolution(300.000000,300.000000,600.000000,-180.000000,0.000000,180.000000,0,0);
 -+
+- 19:05:43  -- send to 30003 - JointMovJ(-154.767540,-6.268417,74.506082,21.765450,-90.199058,115.571318)
 -+
+- 19:05:43  -- receive from 30003 - 0,{},JointMovJ(-154.767540,-6.268417,74.506082,21.765450,-90.199058,115.571318);
 -+
+- 19:05:43  -- send to 29999 - GetAngle()
 -+
+- 19:05:43  -- receive from 29999 - 0,{-116.773880,-27.454405,109.279533,-11.679097,-124.368423,57.361664},GetAngle();
 -+
+- 19:05:44  -- send to 29999 - GetAngle()
 -+
+- 19:05:44  -- receive from 29999 - 0,{-121.171021,-25.002480,105.255089,-7.808447,-120.413887,64.098465},GetAngle();
 -+
+- 19:05:44  -- send to 29999 - GetAngle()
 -+
+- 19:05:44  -- receive from 29999 - 0,{-128.276611,-21.040264,98.751740,-1.553631,-114.023514,74.984863},GetAngle();
 -+
+- 19:05:45  -- send to 29999 - GetAngle()
 -+
+- 19:05:45  -- receive from 29999 - 0,{-135.382202,-17.078051,92.248390,4.701186,-107.633148,85.871262},GetAngle();
 -+
+- 19:05:45  -- send to 29999 - GetAngle()
 -+
+- 19:05:45  -- receive from 29999 - 0,{-142.487808,-13.115836,85.745041,10.956002,-101.242775,96.757660},GetAngle();
 -+
+- 19:05:46  -- send to 29999 - GetAngle()
 -+
+- 19:05:46  -- receive from 29999 - 0,{-149.593399,-9.153622,79.241692,17.210819,-94.852402,107.644066},GetAngle();
 -+
+- 19:05:46  -- send to 29999 - GetAngle()
 -+
+- 19:05:46  -- receive from 29999 - 0,{-154.611053,-6.355679,74.649307,21.627697,-90.339798,115.331566},GetAngle();
 -+
+- 19:05:46  -- send to 30003 - JointMovJ(-105.000000,-46.000000,86.000000,29.000000,-90.000000,168.000000)
 -+
+- 19:05:46  -- receive from 30003 - 0,{},JointMovJ(-105.000000,-46.000000,86.000000,29.000000,-90.000000,168.000000);
 -+
+- 19:05:46  -- send to 29999 - GetAngle()
 -+
+- 19:05:46  -- receive from 29999 - 0,{-154.765213,-6.269715,74.508209,21.763401,-90.201149,115.567749},GetAngle();
 -+
+- 19:05:47  -- send to 29999 - GetAngle()
 -+
+- 19:05:47  -- receive from 29999 - 0,{-152.134186,-8.370742,75.114258,22.148252,-90.188522,118.345490},GetAngle();
 -+
+- 19:05:47  -- send to 29999 - GetAngle()
 -+
+- 19:05:47  -- receive from 29999 - 0,{-142.869843,-15.766867,77.253883,23.494980,-90.151474,128.105209},GetAngle();
 -+
+- 19:05:48  -- send to 29999 - GetAngle()
 -+
+- 19:05:48  -- receive from 29999 - 0,{-132.536011,-24.016815,79.640503,24.997177,-90.110138,138.991608},GetAngle();
 -+
+- 19:05:48  -- send to 29999 - GetAngle()
 -+
+- 19:05:48  -- receive from 29999 - 0,{-122.202171,-32.266766,82.027122,26.499374,-90.068802,149.878006},GetAngle();
 -+
+- 19:05:49  -- send to 29999 - GetAngle()
 -+
+- 19:05:49  -- receive from 29999 - 0,{-111.877472,-40.509418,84.411636,28.000244,-90.027512,160.754776},GetAngle();
 -+
+- 19:05:49  -- send to 29999 - GetAngle()
 -+
+- 19:05:49  -- receive from 29999 - 0,{-105.459923,-45.632824,85.893776,28.933142,-90.001839,167.515488},GetAngle();
 -+
